Arguments: 
  /usr/local/bin/node /Users/georgegimbe/Documents/CovidCheckUni/uni-ps-covid-checkin/.yarn/releases/yarn-1.22.11.cjs set version classic

PATH: 
  /Library/Frameworks/Python.framework/Versions/3.8/bin:/Users/georgegimbe/opt/anaconda3/bin:/usr/local/bin:/usr/bin:/bin:/usr/sbin:/sbin:/usr/local/share/dotnet:~/.dotnet/tools:/Library/Frameworks/Mono.framework/Versions/Current/Commands:/Library/Frameworks/Python.framework/Versions/3.8/bin:/Users/georgegimbe/opt/anaconda3/bin

Yarn version: 
  1.22.11

Node version: 
  14.16.1

Platform: 
  darwin x64

Trace: 
  Error: Release not found: classic
      at /Users/georgegimbe/Documents/CovidCheckUni/uni-ps-covid-checkin/.yarn/releases/yarn-1.22.11.cjs:98340:17
      at Generator.next (<anonymous>)
      at step (/Users/georgegimbe/Documents/CovidCheckUni/uni-ps-covid-checkin/.yarn/releases/yarn-1.22.11.cjs:310:30)
      at /Users/georgegimbe/Documents/CovidCheckUni/uni-ps-covid-checkin/.yarn/releases/yarn-1.22.11.cjs:321:13
      at processTicksAndRejections (internal/process/task_queues.js:93:5)

npm manifest: 
  {
    "name": "uni-ps-covid-checkin",
    "version": "0.1.0",
    "private": true,
    "scripts": {
      "dev": "next dev",
      "build": "next build",
      "start": "next start",
      "lint": "next lint",
      "format": "prettier --write '**/*.{ts,tsx,js,jsx,css,json,yml}'",
      "cypress": "cypress open",
      "cypress:headless": "cypress run",
      "e2e": "start-server-and-test start http://localhost:3000 cypress",
      "e2e:headless": "start-server-and-test start http://localhost:3000 cypress:headless"
    },
    "dependencies": {
      "@prisma/client": "^2.30.3",
      "next": "11.1.2",
      "react": "17.0.2",
      "react-dom": "17.0.2",
      "react-hook-form": "^7.14.0",
      "react-qr-reader": "^2.2.1",
      "superjson": "^1.7.5"
    },
    "devDependencies": {
      "@types/react": "17.0.19",
      "@types/react-qr-reader": "^2.1.4",
      "babel-plugin-superjson-next": "^0.3.1",
      "cypress": "^8.3.1",
      "eslint": "7.32.0",
      "eslint-config-next": "11.1.0",
      "prettier": "^2.3.2",
      "prisma": "^2.30.3",
      "start-server-and-test": "^1.13.1",
      "typescript": "4.3.5"
    }
  }

yarn manifest: 
  No manifest

Lockfile: 
  No lockfile
